# JRE version: Java(TM) SE Runtime Environment (8.0_92-b14) (build 1.8.0_92-b14)
# Java VM: Java HotSpot(TM) 64-Bit Server VM (25.92-b14 mixed mode linux-amd64 compressed oops)
Heap:
 PSYoungGen      total 337920K, used 0K [0x00000000e0000000, 0x00000000fd000000, 0x0000000100000000)
  eden space 267776K, 0% used [0x00000000e0000000,0x00000000e0000000,0x00000000f0580000)
  from space 70144K, 0% used [0x00000000f5800000,0x00000000f5800000,0x00000000f9c80000)
  to   space 84480K, 0% used [0x00000000f0580000,0x00000000f0580000,0x00000000f5800000)
 ParOldGen       total 605696K, used 137623K [0x00000000a0000000, 0x00000000c4f80000, 0x00000000e0000000)
  object space 605696K, 22% used [0x00000000a0000000,0x00000000a8665f78,0x00000000c4f80000)
 Metaspace       used 115098K, capacity 115645K, committed 116008K, reserved 1146880K
  class space    used 19324K, capacity 19470K, committed 19496K, reserved 1048576K
GC Heap History (10 events):
Event: 2190.522 GC heap after
Heap after GC invocations=15 (full 4):
 PSYoungGen      total 291840K, used 28550K [0x00000000e0000000, 0x00000000f4100000, 0x0000000100000000)
  eden space 263168K, 0% used [0x00000000e0000000,0x00000000e0000000,0x00000000f0100000)
  from space 28672K, 99% used [0x00000000f0680000,0x00000000f22618e8,0x00000000f2280000)
  to   space 31232K, 0% used [0x00000000f2280000,0x00000000f2280000,0x00000000f4100000)
 ParOldGen       total 382464K, used 29036K [0x00000000a0000000, 0x00000000b7580000, 0x00000000e0000000)
  object space 382464K, 7% used [0x00000000a0000000,0x00000000a1c5b160,0x00000000b7580000)
 Metaspace       used 68800K, capacity 69338K, committed 69616K, reserved 1105920K
  class space    used 12182K, capacity 12343K, committed 12456K, reserved 1048576K
}
Event: 2190.522 GC heap before
{Heap before GC invocations=16 (full 5):
 PSYoungGen      total 291840K, used 28550K [0x00000000e0000000, 0x00000000f4100000, 0x0000000100000000)
  eden space 263168K, 0% used [0x00000000e0000000,0x00000000e0000000,0x00000000f0100000)
  from space 28672K, 99% used [0x00000000f0680000,0x00000000f22618e8,0x00000000f2280000)
  to   space 31232K, 0% used [0x00000000f2280000,0x00000000f2280000,0x00000000f4100000)
 ParOldGen       total 382464K, used 29036K [0x00000000a0000000, 0x00000000b7580000, 0x00000000e0000000)
  object space 382464K, 7% used [0x00000000a0000000,0x00000000a1c5b160,0x00000000b7580000)
 Metaspace       used 68800K, capacity 69338K, committed 69616K, reserved 1105920K
  class space    used 12182K, capacity 12343K, committed 12456K, reserved 1048576K
Event: 2190.887 GC heap after
Heap after GC invocations=16 (full 5):
 PSYoungGen      total 291840K, used 0K [0x00000000e0000000, 0x00000000f4100000, 0x0000000100000000)
  eden space 263168K, 0% used [0x00000000e0000000,0x00000000e0000000,0x00000000f0100000)
  from space 28672K, 0% used [0x00000000f0680000,0x00000000f0680000,0x00000000f2280000)
  to   space 31232K, 0% used [0x00000000f2280000,0x00000000f2280000,0x00000000f4100000)
 ParOldGen       total 605696K, used 40350K [0x00000000a0000000, 0x00000000c4f80000, 0x00000000e0000000)
  object space 605696K, 6% used [0x00000000a0000000,0x00000000a2767878,0x00000000c4f80000)
 Metaspace       used 68691K, capacity 69152K, committed 69616K, reserved 1105920K
  class space    used 12163K, capacity 12315K, committed 12456K, reserved 1048576K
}
Event: 2423.355 GC heap before
{Heap before GC invocations=17 (full 5):
 PSYoungGen      total 291840K, used 263168K [0x00000000e0000000, 0x00000000f4100000, 0x0000000100000000)
  eden space 263168K, 100% used [0x00000000e0000000,0x00000000f0100000,0x00000000f0100000)
  from space 28672K, 0% used [0x00000000f0680000,0x00000000f0680000,0x00000000f2280000)
  to   space 31232K, 0% used [0x00000000f2280000,0x00000000f2280000,0x00000000f4100000)
 ParOldGen       total 605696K, used 40350K [0x00000000a0000000, 0x00000000c4f80000, 0x00000000e0000000)
  object space 605696K, 6% used [0x00000000a0000000,0x00000000a2767878,0x00000000c4f80000)
 Metaspace       used 92216K, capacity 92760K, committed 93224K, reserved 1126400K
  class space    used 16386K, capacity 16558K, committed 16680K, reserved 1048576K
Event: 2423.526 GC heap after
Heap after GC invocations=17 (full 5):
 PSYoungGen      total 280064K, used 31227K [0x00000000e0000000, 0x00000000f6f00000, 0x0000000100000000)
  eden space 248832K, 0% used [0x00000000e0000000,0x00000000e0000000,0x00000000ef300000)
  from space 31232K, 99% used [0x00000000f2280000,0x00000000f40fed38,0x00000000f4100000)
  to   space 48640K, 0% used [0x00000000ef300000,0x00000000ef300000,0x00000000f2280000)
 ParOldGen       total 605696K, used 72602K [0x00000000a0000000, 0x00000000c4f80000, 0x00000000e0000000)
  object space 605696K, 11% used [0x00000000a0000000,0x00000000a46e68e8,0x00000000c4f80000)
 Metaspace       used 92216K, capacity 92760K, committed 93224K, reserved 1126400K
  class space    used 16386K, capacity 16558K, committed 16680K, reserved 1048576K
}
Event: 2447.211 GC heap before
{Heap before GC invocations=18 (full 5):
 PSYoungGen      total 280064K, used 280059K [0x00000000e0000000, 0x00000000f6f00000, 0x0000000100000000)
  eden space 248832K, 100% used [0x00000000e0000000,0x00000000ef300000,0x00000000ef300000)
  from space 31232K, 99% used [0x00000000f2280000,0x00000000f40fed38,0x00000000f4100000)
  to   space 48640K, 0% used [0x00000000ef300000,0x00000000ef300000,0x00000000f2280000)
 ParOldGen       total 605696K, used 72602K [0x00000000a0000000, 0x00000000c4f80000, 0x00000000e0000000)
  object space 605696K, 11% used [0x00000000a0000000,0x00000000a46e68e8,0x00000000c4f80000)
 Metaspace       used 110307K, capacity 110845K, committed 111400K, reserved 1142784K
  class space    used 18787K, capacity 18958K, committed 18984K, reserved 1048576K
Event: 2447.522 GC heap after
Heap after GC invocations=18 (full 5):
 PSYoungGen      total 297472K, used 48621K [0x00000000e0000000, 0x00000000f9c80000, 0x0000000100000000)
  eden space 248832K, 0% used [0x00000000e0000000,0x00000000e0000000,0x00000000ef300000)
  from space 48640K, 99% used [0x00000000ef300000,0x00000000f227b670,0x00000000f2280000)
  to   space 70144K, 0% used [0x00000000f5800000,0x00000000f5800000,0x00000000f9c80000)
 ParOldGen       total 605696K, used 112061K [0x00000000a0000000, 0x00000000c4f80000, 0x00000000e0000000)
  object space 605696K, 18% used [0x00000000a0000000,0x00000000a6d6f588,0x00000000c4f80000)
 Metaspace       used 110307K, capacity 110845K, committed 111400K, reserved 1142784K
  class space    used 18787K, capacity 18958K, committed 18984K, reserved 1048576K
}
Event: 2458.721 GC heap before
{Heap before GC invocations=19 (full 5):
 PSYoungGen      total 297472K, used 212480K [0x00000000e0000000, 0x00000000f9c80000, 0x0000000100000000)
  eden space 248832K, 65% used [0x00000000e0000000,0x00000000ea004c08,0x00000000ef300000)
  from space 48640K, 99% used [0x00000000ef300000,0x00000000f227b670,0x00000000f2280000)
  to   space 70144K, 0% used [0x00000000f5800000,0x00000000f5800000,0x00000000f9c80000)
 ParOldGen       total 605696K, used 112061K [0x00000000a0000000, 0x00000000c4f80000, 0x00000000e0000000)
  object space 605696K, 18% used [0x00000000a0000000,0x00000000a6d6f588,0x00000000c4f80000)
 Metaspace       used 115098K, capacity 115645K, committed 116008K, reserved 1146880K
  class space    used 19324K, capacity 19470K, committed 19496K, reserved 1048576K
Event: 2459.018 GC heap after
Heap after GC invocations=19 (full 5):
 PSYoungGen      total 337920K, used 70131K [0x00000000e0000000, 0x00000000fd000000, 0x0000000100000000)
  eden space 267776K, 0% used [0x00000000e0000000,0x00000000e0000000,0x00000000f0580000)
  from space 70144K, 99% used [0x00000000f5800000,0x00000000f9c7ce60,0x00000000f9c80000)
  to   space 84480K, 0% used [0x00000000f0580000,0x00000000f0580000,0x00000000f5800000)
 ParOldGen       total 605696K, used 120176K [0x00000000a0000000, 0x00000000c4f80000, 0x00000000e0000000)
  object space 605696K, 19% used [0x00000000a0000000,0x00000000a755c1a0,0x00000000c4f80000)
 Metaspace       used 115098K, capacity 115645K, committed 116008K, reserved 1146880K
  class space    used 19324K, capacity 19470K, committed 19496K, reserved 1048576K
}
Event: 2459.018 GC heap before
{Heap before GC invocations=20 (full 6):
 PSYoungGen      total 337920K, used 70131K [0x00000000e0000000, 0x00000000fd000000, 0x0000000100000000)
  eden space 267776K, 0% used [0x00000000e0000000,0x00000000e0000000,0x00000000f0580000)
  from space 70144K, 99% used [0x00000000f5800000,0x00000000f9c7ce60,0x00000000f9c80000)
  to   space 84480K, 0% used [0x00000000f0580000,0x00000000f0580000,0x00000000f5800000)
 ParOldGen       total 605696K, used 120176K [0x00000000a0000000, 0x00000000c4f80000, 0x00000000e0000000)
  object space 605696K, 19% used [0x00000000a0000000,0x00000000a755c1a0,0x00000000c4f80000)
 Metaspace       used 115098K, capacity 115645K, committed 116008K, reserved 1146880K
  class space    used 19324K, capacity 19470K, committed 19496K, reserved 1048576K

